<!doctype html>
<html>
 <head> 
  <meta charset="UTF-8"> 
  <meta name="description" content=""> 
  <meta name="robots" content="noodp, noydir"> 
  <meta name="viewport" content="width=device-width, initial-scale=1"> 
  <link href="https://fonts.googleapis.com/css?family=Source+Sans+Pro:400,600" rel="stylesheet" type="text/css"> 
  <link href="https://fonts.googleapis.com/icon?family=Material+Icons" rel="stylesheet"> 
  <link href="extent.css" type="text/css" rel="stylesheet"> 
  <title>接口自动化测试报告</title> 
  <style type="text/css">
		.node.level-1  ul{ display:none;} .node.level-1.active ul{display:block;}
	</style> 
 </head> 
 <body class="extent standard default hide-overflow "> 
  <div id="theme-selector" alt="Click to toggle theme. To enable by default, use theme configuration." title="Click to toggle theme. To enable by default, use theme configuration."> 
   <span><i class="material-icons">desktop_windows</i></span> 
  </div> 
  <nav> 
   <div class="nav-wrapper"> 
    <a href="#!" class="brand-logo blue darken-3">Extent</a> 
    <!-- slideout menu --> 
    <ul id="slide-out" class="side-nav fixed hide-on-med-and-down"> 
     <li class="waves-effect active"><a href="#!" view="test-view" onclick="configureView(0);chartsView('test');"><i class="material-icons">dashboard</i></a></li> 
     <li class="waves-effect"><a href="#!" view="exception-view" onclick="configureView(2)"><i class="material-icons">bug_report</i></a></li> 
     <li class="waves-effect"><a href="#!" onclick="configureView(-1);chartsView('dashboard');" view="dashboard-view"><i class="material-icons">track_changes</i></a></li> 
    </ul> 
    <!-- report name --> 
    <span class="report-name">接口自动化测试报告</span> 
    <!-- report headline --> 
    <span class="report-headline"></span> 
    <!-- nav-right --> 
    <ul id="nav-mobile" class="right hide-on-med-and-down nav-right"> 
     <a href="#!"> <span class="label suite-start-time">Apr 22, 2020 8:20:50 PM</span> </a> 
     <a href="#!"> <span class="label">v3.0.3</span> </a> 
    </ul> 
   </div> 
  </nav> 
  <!-- container --> 
  <div class="container"> 
   <div id="test-view" class="view"> 
    <section id="controls"> 
     <div class="controls grey lighten-4"> 
      <!-- test toggle --> 
      <div class="chip transparent"> 
       <a class="dropdown-button tests-toggle" data-activates="tests-toggle" data-constrainwidth="true" data-beloworigin="true" data-hover="true" href="#"> <i class="material-icons">warning</i> Status </a> 
       <ul id="tests-toggle" class="dropdown-content"> 
        <li status="pass"><a href="#!">Pass <i class="material-icons green-text">check_circle</i></a></li> 
        <li status="fail"><a href="#!">Fail <i class="material-icons red-text">cancel</i></a></li> 
        <li class="divider"></li> 
        <li status="clear" clear="true"><a href="#!">Clear Filters <i class="material-icons">clear</i></a></li> 
       </ul> 
      </div> 
      <!-- test toggle --> 
      <!-- category toggle --> 
      <!-- category toggle --> 
      <!-- clear filters --> 
      <div class="chip transparent hide"> 
       <a class="" id="clear-filters" alt="Clear Filters" title="Clear Filters"> <i class="material-icons">close</i> Clear </a> 
      </div> 
      <!-- clear filters --> 
      <!-- enable dashboard --> 
      <div id="toggle-test-view-charts" class="chip transparent"> 
       <a class="pink-text" id="enable-dashboard" alt="Enable Dashboard" title="Enable Dashboard"> <i class="material-icons">track_changes</i> Dashboard </a> 
      </div> 
      <!-- enable dashboard --> 
      <!-- search --> 
      <div class="chip transparent" alt="Search Tests" title="Search Tests"> 
       <a href="#" class="search-div"> <i class="material-icons">search</i> Search </a> 
       <div class="input-field left hide"> 
        <input id="search-tests" type="text" class="validate browser-default" placeholder="Search Tests..."> 
       </div> 
      </div> 
      <!-- search --> 
     </div> 
    </section> 
    <div id="test-view-charts" class="subview-full"> 
     <div id="charts-row" class="row nm-v nm-h"> 
      <div class="col s12 m6 l6 np-h"> 
       <div class="card-panel nm-v"> 
        <div class="left panel-name">
         Tests
        </div> 
        <div class="chart-box"> 
         <canvas id="parent-analysis" width="100" height="80"></canvas> 
        </div> 
        <div class="block text-small"> 
         <span><span class="strong">9</span> test(s) passed</span> 
        </div> 
        <div class="block text-small"> 
         <span class="strong">19</span> test(s) failed, 
         <span class="strong">0</span> others 
        </div> 
       </div> 
      </div> 
      <div class="col s12 m6 l6 np-h"> 
       <div class="card-panel nm-v"> 
        <div class="left panel-name">
         Steps
        </div> 
        <div class="chart-box"> 
         <canvas id="child-analysis" width="100" height="80"></canvas> 
        </div> 
        <div class="block text-small"> 
         <span><span class="strong">9</span> step(s) passed</span> 
        </div> 
        <div class="block text-small"> 
         <span class="strong">19</span> step(s) failed, 
         <span class="strong">0</span> others 
        </div> 
       </div> 
      </div> 
     </div> 
    </div> 
    <div class="subview-left left"> 
     <div class="view-summary"> 
      <h5>Tests</h5> 
      <ul id="test-collection" class="test-collection"> 
       <li class="test displayed active  fail" status="fail" bdd="false" test-id="1"> 
        <div class="test-heading"> 
         <span class="test-name">test004_addCustomer</span> 
         <span class="test-time">Apr 22, 2020 8:20:54 PM</span> 
         <span class="test-status right fail">fail</span> 
        </div> 
        <div class="test-content hide"> 
         <div class="test-time-info"> 
          <span class="label start-time">Apr 22, 2020 8:20:54 PM</span> 
          <span class="label end-time">Apr 22, 2020 8:20:54 PM</span> 
          <span class="label time-taken grey lighten-1 white-text">0h 0m 0s+67ms</span> 
         </div> 
         <div class="test-steps"> 
          <table class="bordered table-results"> 
           <thead> 
            <tr> 
             <th>Status</th> 
             <th>Timestamp</th> 
             <th>Details</th> 
            </tr> 
           </thead> 
           <tbody> 
            <tr class="log" status="fail"> 
             <td class="status fail" title="fail" alt="fail"><i class="material-icons">cancel</i></td> 
             <td class="timestamp">8:20:56 PM</td> 
             <td class="step-details"><pre>java.lang.AssertionError: expected [true] but found [false]
	at org.testng.Assert.fail(Assert.java:96)
	at org.testng.Assert.failNotEquals(Assert.java:776)
	at org.testng.Assert.assertEqualsImpl(Assert.java:137)
	at org.testng.Assert.assertEquals(Assert.java:118)
	at org.testng.Assert.assertEquals(Assert.java:568)
	at org.testng.Assert.assertEquals(Assert.java:578)
	at com.auto.api0401.AddCustomerTest.test004_addCustomer(AddCustomerTest.java:133)
	at sun.reflect.NativeMethodAccessorImpl.invoke0(Native Method)
	at sun.reflect.NativeMethodAccessorImpl.invoke(NativeMethodAccessorImpl.java:62)
	at sun.reflect.DelegatingMethodAccessorImpl.invoke(DelegatingMethodAccessorImpl.java:43)
	at java.lang.reflect.Method.invoke(Method.java:498)
	at org.testng.internal.MethodInvocationHelper.invokeMethod(MethodInvocationHelper.java:124)
	at org.testng.internal.Invoker.invokeMethod(Invoker.java:580)
	at org.testng.internal.Invoker.invokeTestMethod(Invoker.java:716)
	at org.testng.internal.Invoker.invokeTestMethods(Invoker.java:988)
	at org.testng.internal.TestMethodWorker.invokeTestMethods(TestMethodWorker.java:125)
	at org.testng.internal.TestMethodWorker.run(TestMethodWorker.java:109)
	at org.testng.TestRunner.privateRun(TestRunner.java:648)
	at org.testng.TestRunner.run(TestRunner.java:505)
	at org.testng.SuiteRunner.runTest(SuiteRunner.java:455)
	at org.testng.SuiteRunner.access$000(SuiteRunner.java:40)
	at org.testng.SuiteRunner$SuiteWorker.run(SuiteRunner.java:489)
	at org.testng.internal.thread.ThreadUtil$1.call(ThreadUtil.java:52)
	at java.util.concurrent.FutureTask.run(FutureTask.java:266)
	at java.util.concurrent.ThreadPoolExecutor.runWorker(ThreadPoolExecutor.java:1142)
	at java.util.concurrent.ThreadPoolExecutor$Worker.run(ThreadPoolExecutor.java:617)
	at java.lang.Thread.run(Thread.java:745)
</pre></td> 
            </tr> 
           </tbody> 
          </table> 
         </div> 
        </div> </li> 
       <li class="test displayed active  fail" status="fail" bdd="false" test-id="2"> 
        <div class="test-heading"> 
         <span class="test-name">test005_addCustomer</span> 
         <span class="test-time">Apr 22, 2020 8:20:54 PM</span> 
         <span class="test-status right fail">fail</span> 
        </div> 
        <div class="test-content hide"> 
         <div class="test-time-info"> 
          <span class="label start-time">Apr 22, 2020 8:20:54 PM</span> 
          <span class="label end-time">Apr 22, 2020 8:20:54 PM</span> 
          <span class="label time-taken grey lighten-1 white-text">0h 0m 0s+57ms</span> 
         </div> 
         <div class="test-steps"> 
          <table class="bordered table-results"> 
           <thead> 
            <tr> 
             <th>Status</th> 
             <th>Timestamp</th> 
             <th>Details</th> 
            </tr> 
           </thead> 
           <tbody> 
            <tr class="log" status="fail"> 
             <td class="status fail" title="fail" alt="fail"><i class="material-icons">cancel</i></td> 
             <td class="timestamp">8:20:56 PM</td> 
             <td class="step-details"><pre>java.lang.AssertionError: expected [true] but found [false]
	at org.testng.Assert.fail(Assert.java:96)
	at org.testng.Assert.failNotEquals(Assert.java:776)
	at org.testng.Assert.assertEqualsImpl(Assert.java:137)
	at org.testng.Assert.assertEquals(Assert.java:118)
	at org.testng.Assert.assertEquals(Assert.java:568)
	at org.testng.Assert.assertEquals(Assert.java:578)
	at com.auto.api0401.AddCustomerTest.test005_addCustomer(AddCustomerTest.java:138)
	at sun.reflect.NativeMethodAccessorImpl.invoke0(Native Method)
	at sun.reflect.NativeMethodAccessorImpl.invoke(NativeMethodAccessorImpl.java:62)
	at sun.reflect.DelegatingMethodAccessorImpl.invoke(DelegatingMethodAccessorImpl.java:43)
	at java.lang.reflect.Method.invoke(Method.java:498)
	at org.testng.internal.MethodInvocationHelper.invokeMethod(MethodInvocationHelper.java:124)
	at org.testng.internal.Invoker.invokeMethod(Invoker.java:580)
	at org.testng.internal.Invoker.invokeTestMethod(Invoker.java:716)
	at org.testng.internal.Invoker.invokeTestMethods(Invoker.java:988)
	at org.testng.internal.TestMethodWorker.invokeTestMethods(TestMethodWorker.java:125)
	at org.testng.internal.TestMethodWorker.run(TestMethodWorker.java:109)
	at org.testng.TestRunner.privateRun(TestRunner.java:648)
	at org.testng.TestRunner.run(TestRunner.java:505)
	at org.testng.SuiteRunner.runTest(SuiteRunner.java:455)
	at org.testng.SuiteRunner.access$000(SuiteRunner.java:40)
	at org.testng.SuiteRunner$SuiteWorker.run(SuiteRunner.java:489)
	at org.testng.internal.thread.ThreadUtil$1.call(ThreadUtil.java:52)
	at java.util.concurrent.FutureTask.run(FutureTask.java:266)
	at java.util.concurrent.ThreadPoolExecutor.runWorker(ThreadPoolExecutor.java:1142)
	at java.util.concurrent.ThreadPoolExecutor$Worker.run(ThreadPoolExecutor.java:617)
	at java.lang.Thread.run(Thread.java:745)
</pre></td> 
            </tr> 
           </tbody> 
          </table> 
         </div> 
        </div> </li> 
       <li class="test displayed active  fail" status="fail" bdd="false" test-id="3"> 
        <div class="test-heading"> 
         <span class="test-name">test006_addCustomer</span> 
         <span class="test-time">Apr 22, 2020 8:20:54 PM</span> 
         <span class="test-status right fail">fail</span> 
        </div> 
        <div class="test-content hide"> 
         <div class="test-time-info"> 
          <span class="label start-time">Apr 22, 2020 8:20:54 PM</span> 
          <span class="label end-time">Apr 22, 2020 8:20:54 PM</span> 
          <span class="label time-taken grey lighten-1 white-text">0h 0m 0s+43ms</span> 
         </div> 
         <div class="test-steps"> 
          <table class="bordered table-results"> 
           <thead> 
            <tr> 
             <th>Status</th> 
             <th>Timestamp</th> 
             <th>Details</th> 
            </tr> 
           </thead> 
           <tbody> 
            <tr class="log" status="fail"> 
             <td class="status fail" title="fail" alt="fail"><i class="material-icons">cancel</i></td> 
             <td class="timestamp">8:20:56 PM</td> 
             <td class="step-details"><pre>java.lang.AssertionError: expected [true] but found [false]
	at org.testng.Assert.fail(Assert.java:96)
	at org.testng.Assert.failNotEquals(Assert.java:776)
	at org.testng.Assert.assertEqualsImpl(Assert.java:137)
	at org.testng.Assert.assertEquals(Assert.java:118)
	at org.testng.Assert.assertEquals(Assert.java:568)
	at org.testng.Assert.assertEquals(Assert.java:578)
	at com.auto.api0401.AddCustomerTest.test006_addCustomer(AddCustomerTest.java:143)
	at sun.reflect.NativeMethodAccessorImpl.invoke0(Native Method)
	at sun.reflect.NativeMethodAccessorImpl.invoke(NativeMethodAccessorImpl.java:62)
	at sun.reflect.DelegatingMethodAccessorImpl.invoke(DelegatingMethodAccessorImpl.java:43)
	at java.lang.reflect.Method.invoke(Method.java:498)
	at org.testng.internal.MethodInvocationHelper.invokeMethod(MethodInvocationHelper.java:124)
	at org.testng.internal.Invoker.invokeMethod(Invoker.java:580)
	at org.testng.internal.Invoker.invokeTestMethod(Invoker.java:716)
	at org.testng.internal.Invoker.invokeTestMethods(Invoker.java:988)
	at org.testng.internal.TestMethodWorker.invokeTestMethods(TestMethodWorker.java:125)
	at org.testng.internal.TestMethodWorker.run(TestMethodWorker.java:109)
	at org.testng.TestRunner.privateRun(TestRunner.java:648)
	at org.testng.TestRunner.run(TestRunner.java:505)
	at org.testng.SuiteRunner.runTest(SuiteRunner.java:455)
	at org.testng.SuiteRunner.access$000(SuiteRunner.java:40)
	at org.testng.SuiteRunner$SuiteWorker.run(SuiteRunner.java:489)
	at org.testng.internal.thread.ThreadUtil$1.call(ThreadUtil.java:52)
	at java.util.concurrent.FutureTask.run(FutureTask.java:266)
	at java.util.concurrent.ThreadPoolExecutor.runWorker(ThreadPoolExecutor.java:1142)
	at java.util.concurrent.ThreadPoolExecutor$Worker.run(ThreadPoolExecutor.java:617)
	at java.lang.Thread.run(Thread.java:745)
</pre></td> 
            </tr> 
           </tbody> 
          </table> 
         </div> 
        </div> </li> 
       <li class="test displayed active  fail" status="fail" bdd="false" test-id="4"> 
        <div class="test-heading"> 
         <span class="test-name">客户名称为空{ "entity": { "customer_name": "", "mo...</span> 
         <span class="test-time">Apr 22, 2020 8:20:54 PM</span> 
         <span class="test-status right fail">fail</span> 
        </div> 
        <div class="test-content hide"> 
         <div class="test-time-info"> 
          <span class="label start-time">Apr 22, 2020 8:20:54 PM</span> 
          <span class="label end-time">Apr 22, 2020 8:20:54 PM</span> 
          <span class="label time-taken grey lighten-1 white-text">0h 0m 0s+44ms</span> 
         </div> 
         <div class="test-steps"> 
          <table class="bordered table-results"> 
           <thead> 
            <tr> 
             <th>Status</th> 
             <th>Timestamp</th> 
             <th>Details</th> 
            </tr> 
           </thead> 
           <tbody> 
            <tr class="log" status="fail"> 
             <td class="status fail" title="fail" alt="fail"><i class="material-icons">cancel</i></td> 
             <td class="timestamp">8:20:56 PM</td> 
             <td class="step-details"><pre>java.lang.AssertionError: expected [true] but found [false]
	at org.testng.Assert.fail(Assert.java:96)
	at org.testng.Assert.failNotEquals(Assert.java:776)
	at org.testng.Assert.assertEqualsImpl(Assert.java:137)
	at org.testng.Assert.assertEquals(Assert.java:118)
	at org.testng.Assert.assertEquals(Assert.java:568)
	at org.testng.Assert.assertEquals(Assert.java:578)
	at com.auto.api0401.AddCustomerTest.test007_addCustomer(AddCustomerTest.java:156)
	at sun.reflect.NativeMethodAccessorImpl.invoke0(Native Method)
	at sun.reflect.NativeMethodAccessorImpl.invoke(NativeMethodAccessorImpl.java:62)
	at sun.reflect.DelegatingMethodAccessorImpl.invoke(DelegatingMethodAccessorImpl.java:43)
	at java.lang.reflect.Method.invoke(Method.java:498)
	at org.testng.internal.MethodInvocationHelper.invokeMethod(MethodInvocationHelper.java:124)
	at org.testng.internal.Invoker.invokeMethod(Invoker.java:580)
	at org.testng.internal.Invoker.invokeTestMethod(Invoker.java:716)
	at org.testng.internal.Invoker.invokeTestMethods(Invoker.java:988)
	at org.testng.internal.TestMethodWorker.invokeTestMethods(TestMethodWorker.java:125)
	at org.testng.internal.TestMethodWorker.run(TestMethodWorker.java:109)
	at org.testng.TestRunner.privateRun(TestRunner.java:648)
	at org.testng.TestRunner.run(TestRunner.java:505)
	at org.testng.SuiteRunner.runTest(SuiteRunner.java:455)
	at org.testng.SuiteRunner.access$000(SuiteRunner.java:40)
	at org.testng.SuiteRunner$SuiteWorker.run(SuiteRunner.java:489)
	at org.testng.internal.thread.ThreadUtil$1.call(ThreadUtil.java:52)
	at java.util.concurrent.FutureTask.run(FutureTask.java:266)
	at java.util.concurrent.ThreadPoolExecutor.runWorker(ThreadPoolExecutor.java:1142)
	at java.util.concurrent.ThreadPoolExecutor$Worker.run(ThreadPoolExecutor.java:617)
	at java.lang.Thread.run(Thread.java:745)
</pre></td> 
            </tr> 
           </tbody> 
          </table> 
         </div> 
        </div> </li> 
       <li class="test displayed active  fail" status="fail" bdd="false" test-id="5"> 
        <div class="test-heading"> 
         <span class="test-name">手机号少一位{ "entity": { "customer_name": "客户123", ...</span> 
         <span class="test-time">Apr 22, 2020 8:20:54 PM</span> 
         <span class="test-status right fail">fail</span> 
        </div> 
        <div class="test-content hide"> 
         <div class="test-time-info"> 
          <span class="label start-time">Apr 22, 2020 8:20:54 PM</span> 
          <span class="label end-time">Apr 22, 2020 8:20:55 PM</span> 
          <span class="label time-taken grey lighten-1 white-text">0h 0m 0s+40ms</span> 
         </div> 
         <div class="test-steps"> 
          <table class="bordered table-results"> 
           <thead> 
            <tr> 
             <th>Status</th> 
             <th>Timestamp</th> 
             <th>Details</th> 
            </tr> 
           </thead> 
           <tbody> 
            <tr class="log" status="fail"> 
             <td class="status fail" title="fail" alt="fail"><i class="material-icons">cancel</i></td> 
             <td class="timestamp">8:20:56 PM</td> 
             <td class="step-details"><pre>java.lang.AssertionError: expected [true] but found [false]
	at org.testng.Assert.fail(Assert.java:96)
	at org.testng.Assert.failNotEquals(Assert.java:776)
	at org.testng.Assert.assertEqualsImpl(Assert.java:137)
	at org.testng.Assert.assertEquals(Assert.java:118)
	at org.testng.Assert.assertEquals(Assert.java:568)
	at org.testng.Assert.assertEquals(Assert.java:578)
	at com.auto.api0401.AddCustomerTest.test007_addCustomer(AddCustomerTest.java:156)
	at sun.reflect.NativeMethodAccessorImpl.invoke0(Native Method)
	at sun.reflect.NativeMethodAccessorImpl.invoke(NativeMethodAccessorImpl.java:62)
	at sun.reflect.DelegatingMethodAccessorImpl.invoke(DelegatingMethodAccessorImpl.java:43)
	at java.lang.reflect.Method.invoke(Method.java:498)
	at org.testng.internal.MethodInvocationHelper.invokeMethod(MethodInvocationHelper.java:124)
	at org.testng.internal.Invoker.invokeMethod(Invoker.java:580)
	at org.testng.internal.Invoker.invokeTestMethod(Invoker.java:716)
	at org.testng.internal.Invoker.invokeTestMethods(Invoker.java:988)
	at org.testng.internal.TestMethodWorker.invokeTestMethods(TestMethodWorker.java:125)
	at org.testng.internal.TestMethodWorker.run(TestMethodWorker.java:109)
	at org.testng.TestRunner.privateRun(TestRunner.java:648)
	at org.testng.TestRunner.run(TestRunner.java:505)
	at org.testng.SuiteRunner.runTest(SuiteRunner.java:455)
	at org.testng.SuiteRunner.access$000(SuiteRunner.java:40)
	at org.testng.SuiteRunner$SuiteWorker.run(SuiteRunner.java:489)
	at org.testng.internal.thread.ThreadUtil$1.call(ThreadUtil.java:52)
	at java.util.concurrent.FutureTask.run(FutureTask.java:266)
	at java.util.concurrent.ThreadPoolExecutor.runWorker(ThreadPoolExecutor.java:1142)
	at java.util.concurrent.ThreadPoolExecutor$Worker.run(ThreadPoolExecutor.java:617)
	at java.lang.Thread.run(Thread.java:745)
</pre></td> 
            </tr> 
           </tbody> 
          </table> 
         </div> 
        </div> </li> 
       <li class="test displayed active  fail" status="fail" bdd="false" test-id="6"> 
        <div class="test-heading"> 
         <span class="test-name">手机号多一位{ "entity": { "customer_name": "客户123", ...</span> 
         <span class="test-time">Apr 22, 2020 8:20:55 PM</span> 
         <span class="test-status right fail">fail</span> 
        </div> 
        <div class="test-content hide"> 
         <div class="test-time-info"> 
          <span class="label start-time">Apr 22, 2020 8:20:55 PM</span> 
          <span class="label end-time">Apr 22, 2020 8:20:55 PM</span> 
          <span class="label time-taken grey lighten-1 white-text">0h 0m 0s+46ms</span> 
         </div> 
         <div class="test-steps"> 
          <table class="bordered table-results"> 
           <thead> 
            <tr> 
             <th>Status</th> 
             <th>Timestamp</th> 
             <th>Details</th> 
            </tr> 
           </thead> 
           <tbody> 
            <tr class="log" status="fail"> 
             <td class="status fail" title="fail" alt="fail"><i class="material-icons">cancel</i></td> 
             <td class="timestamp">8:20:56 PM</td> 
             <td class="step-details"><pre>java.lang.AssertionError: expected [true] but found [false]
	at org.testng.Assert.fail(Assert.java:96)
	at org.testng.Assert.failNotEquals(Assert.java:776)
	at org.testng.Assert.assertEqualsImpl(Assert.java:137)
	at org.testng.Assert.assertEquals(Assert.java:118)
	at org.testng.Assert.assertEquals(Assert.java:568)
	at org.testng.Assert.assertEquals(Assert.java:578)
	at com.auto.api0401.AddCustomerTest.test007_addCustomer(AddCustomerTest.java:156)
	at sun.reflect.NativeMethodAccessorImpl.invoke0(Native Method)
	at sun.reflect.NativeMethodAccessorImpl.invoke(NativeMethodAccessorImpl.java:62)
	at sun.reflect.DelegatingMethodAccessorImpl.invoke(DelegatingMethodAccessorImpl.java:43)
	at java.lang.reflect.Method.invoke(Method.java:498)
	at org.testng.internal.MethodInvocationHelper.invokeMethod(MethodInvocationHelper.java:124)
	at org.testng.internal.Invoker.invokeMethod(Invoker.java:580)
	at org.testng.internal.Invoker.invokeTestMethod(Invoker.java:716)
	at org.testng.internal.Invoker.invokeTestMethods(Invoker.java:988)
	at org.testng.internal.TestMethodWorker.invokeTestMethods(TestMethodWorker.java:125)
	at org.testng.internal.TestMethodWorker.run(TestMethodWorker.java:109)
	at org.testng.TestRunner.privateRun(TestRunner.java:648)
	at org.testng.TestRunner.run(TestRunner.java:505)
	at org.testng.SuiteRunner.runTest(SuiteRunner.java:455)
	at org.testng.SuiteRunner.access$000(SuiteRunner.java:40)
	at org.testng.SuiteRunner$SuiteWorker.run(SuiteRunner.java:489)
	at org.testng.internal.thread.ThreadUtil$1.call(ThreadUtil.java:52)
	at java.util.concurrent.FutureTask.run(FutureTask.java:266)
	at java.util.concurrent.ThreadPoolExecutor.runWorker(ThreadPoolExecutor.java:1142)
	at java.util.concurrent.ThreadPoolExecutor$Worker.run(ThreadPoolExecutor.java:617)
	at java.lang.Thread.run(Thread.java:745)
</pre></td> 
            </tr> 
           </tbody> 
          </table> 
         </div> 
        </div> </li> 
       <li class="test displayed active  fail" status="fail" bdd="false" test-id="7"> 
        <div class="test-heading"> 
         <span class="test-name">手机号有字母{ "entity": { "customer_name": "客户123", ...</span> 
         <span class="test-time">Apr 22, 2020 8:20:55 PM</span> 
         <span class="test-status right fail">fail</span> 
        </div> 
        <div class="test-content hide"> 
         <div class="test-time-info"> 
          <span class="label start-time">Apr 22, 2020 8:20:55 PM</span> 
          <span class="label end-time">Apr 22, 2020 8:20:55 PM</span> 
          <span class="label time-taken grey lighten-1 white-text">0h 0m 0s+51ms</span> 
         </div> 
         <div class="test-steps"> 
          <table class="bordered table-results"> 
           <thead> 
            <tr> 
             <th>Status</th> 
             <th>Timestamp</th> 
             <th>Details</th> 
            </tr> 
           </thead> 
           <tbody> 
            <tr class="log" status="fail"> 
             <td class="status fail" title="fail" alt="fail"><i class="material-icons">cancel</i></td> 
             <td class="timestamp">8:20:56 PM</td> 
             <td class="step-details"><pre>java.lang.AssertionError: expected [true] but found [false]
	at org.testng.Assert.fail(Assert.java:96)
	at org.testng.Assert.failNotEquals(Assert.java:776)
	at org.testng.Assert.assertEqualsImpl(Assert.java:137)
	at org.testng.Assert.assertEquals(Assert.java:118)
	at org.testng.Assert.assertEquals(Assert.java:568)
	at org.testng.Assert.assertEquals(Assert.java:578)
	at com.auto.api0401.AddCustomerTest.test007_addCustomer(AddCustomerTest.java:156)
	at sun.reflect.NativeMethodAccessorImpl.invoke0(Native Method)
	at sun.reflect.NativeMethodAccessorImpl.invoke(NativeMethodAccessorImpl.java:62)
	at sun.reflect.DelegatingMethodAccessorImpl.invoke(DelegatingMethodAccessorImpl.java:43)
	at java.lang.reflect.Method.invoke(Method.java:498)
	at org.testng.internal.MethodInvocationHelper.invokeMethod(MethodInvocationHelper.java:124)
	at org.testng.internal.Invoker.invokeMethod(Invoker.java:580)
	at org.testng.internal.Invoker.invokeTestMethod(Invoker.java:716)
	at org.testng.internal.Invoker.invokeTestMethods(Invoker.java:988)
	at org.testng.internal.TestMethodWorker.invokeTestMethods(TestMethodWorker.java:125)
	at org.testng.internal.TestMethodWorker.run(TestMethodWorker.java:109)
	at org.testng.TestRunner.privateRun(TestRunner.java:648)
	at org.testng.TestRunner.run(TestRunner.java:505)
	at org.testng.SuiteRunner.runTest(SuiteRunner.java:455)
	at org.testng.SuiteRunner.access$000(SuiteRunner.java:40)
	at org.testng.SuiteRunner$SuiteWorker.run(SuiteRunner.java:489)
	at org.testng.internal.thread.ThreadUtil$1.call(ThreadUtil.java:52)
	at java.util.concurrent.FutureTask.run(FutureTask.java:266)
	at java.util.concurrent.ThreadPoolExecutor.runWorker(ThreadPoolExecutor.java:1142)
	at java.util.concurrent.ThreadPoolExecutor$Worker.run(ThreadPoolExecutor.java:617)
	at java.lang.Thread.run(Thread.java:745)
</pre></td> 
            </tr> 
           </tbody> 
          </table> 
         </div> 
        </div> </li> 
       <li class="test displayed active  fail" status="fail" bdd="false" test-id="8"> 
        <div class="test-heading"> 
         <span class="test-name">电话少于10位{ "entity": { "customer_name": "客户123",...</span> 
         <span class="test-time">Apr 22, 2020 8:20:55 PM</span> 
         <span class="test-status right fail">fail</span> 
        </div> 
        <div class="test-content hide"> 
         <div class="test-time-info"> 
          <span class="label start-time">Apr 22, 2020 8:20:55 PM</span> 
          <span class="label end-time">Apr 22, 2020 8:20:55 PM</span> 
          <span class="label time-taken grey lighten-1 white-text">0h 0m 0s+86ms</span> 
         </div> 
         <div class="test-steps"> 
          <table class="bordered table-results"> 
           <thead> 
            <tr> 
             <th>Status</th> 
             <th>Timestamp</th> 
             <th>Details</th> 
            </tr> 
           </thead> 
           <tbody> 
            <tr class="log" status="fail"> 
             <td class="status fail" title="fail" alt="fail"><i class="material-icons">cancel</i></td> 
             <td class="timestamp">8:20:56 PM</td> 
             <td class="step-details"><pre>java.lang.AssertionError: expected [true] but found [false]
	at org.testng.Assert.fail(Assert.java:96)
	at org.testng.Assert.failNotEquals(Assert.java:776)
	at org.testng.Assert.assertEqualsImpl(Assert.java:137)
	at org.testng.Assert.assertEquals(Assert.java:118)
	at org.testng.Assert.assertEquals(Assert.java:568)
	at org.testng.Assert.assertEquals(Assert.java:578)
	at com.auto.api0401.AddCustomerTest.test007_addCustomer(AddCustomerTest.java:156)
	at sun.reflect.NativeMethodAccessorImpl.invoke0(Native Method)
	at sun.reflect.NativeMethodAccessorImpl.invoke(NativeMethodAccessorImpl.java:62)
	at sun.reflect.DelegatingMethodAccessorImpl.invoke(DelegatingMethodAccessorImpl.java:43)
	at java.lang.reflect.Method.invoke(Method.java:498)
	at org.testng.internal.MethodInvocationHelper.invokeMethod(MethodInvocationHelper.java:124)
	at org.testng.internal.Invoker.invokeMethod(Invoker.java:580)
	at org.testng.internal.Invoker.invokeTestMethod(Invoker.java:716)
	at org.testng.internal.Invoker.invokeTestMethods(Invoker.java:988)
	at org.testng.internal.TestMethodWorker.invokeTestMethods(TestMethodWorker.java:125)
	at org.testng.internal.TestMethodWorker.run(TestMethodWorker.java:109)
	at org.testng.TestRunner.privateRun(TestRunner.java:648)
	at org.testng.TestRunner.run(TestRunner.java:505)
	at org.testng.SuiteRunner.runTest(SuiteRunner.java:455)
	at org.testng.SuiteRunner.access$000(SuiteRunner.java:40)
	at org.testng.SuiteRunner$SuiteWorker.run(SuiteRunner.java:489)
	at org.testng.internal.thread.ThreadUtil$1.call(ThreadUtil.java:52)
	at java.util.concurrent.FutureTask.run(FutureTask.java:266)
	at java.util.concurrent.ThreadPoolExecutor.runWorker(ThreadPoolExecutor.java:1142)
	at java.util.concurrent.ThreadPoolExecutor$Worker.run(ThreadPoolExecutor.java:617)
	at java.lang.Thread.run(Thread.java:745)
</pre></td> 
            </tr> 
           </tbody> 
          </table> 
         </div> 
        </div> </li> 
       <li class="test displayed active  fail" status="fail" bdd="false" test-id="9"> 
        <div class="test-heading"> 
         <span class="test-name">电话多于11位{ "entity": { "customer_name": "客户123",...</span> 
         <span class="test-time">Apr 22, 2020 8:20:55 PM</span> 
         <span class="test-status right fail">fail</span> 
        </div> 
        <div class="test-content hide"> 
         <div class="test-time-info"> 
          <span class="label start-time">Apr 22, 2020 8:20:55 PM</span> 
          <span class="label end-time">Apr 22, 2020 8:20:55 PM</span> 
          <span class="label time-taken grey lighten-1 white-text">0h 0m 0s+76ms</span> 
         </div> 
         <div class="test-steps"> 
          <table class="bordered table-results"> 
           <thead> 
            <tr> 
             <th>Status</th> 
             <th>Timestamp</th> 
             <th>Details</th> 
            </tr> 
           </thead> 
           <tbody> 
            <tr class="log" status="fail"> 
             <td class="status fail" title="fail" alt="fail"><i class="material-icons">cancel</i></td> 
             <td class="timestamp">8:20:56 PM</td> 
             <td class="step-details"><pre>java.lang.AssertionError: expected [true] but found [false]
	at org.testng.Assert.fail(Assert.java:96)
	at org.testng.Assert.failNotEquals(Assert.java:776)
	at org.testng.Assert.assertEqualsImpl(Assert.java:137)
	at org.testng.Assert.assertEquals(Assert.java:118)
	at org.testng.Assert.assertEquals(Assert.java:568)
	at org.testng.Assert.assertEquals(Assert.java:578)
	at com.auto.api0401.AddCustomerTest.test007_addCustomer(AddCustomerTest.java:156)
	at sun.reflect.NativeMethodAccessorImpl.invoke0(Native Method)
	at sun.reflect.NativeMethodAccessorImpl.invoke(NativeMethodAccessorImpl.java:62)
	at sun.reflect.DelegatingMethodAccessorImpl.invoke(DelegatingMethodAccessorImpl.java:43)
	at java.lang.reflect.Method.invoke(Method.java:498)
	at org.testng.internal.MethodInvocationHelper.invokeMethod(MethodInvocationHelper.java:124)
	at org.testng.internal.Invoker.invokeMethod(Invoker.java:580)
	at org.testng.internal.Invoker.invokeTestMethod(Invoker.java:716)
	at org.testng.internal.Invoker.invokeTestMethods(Invoker.java:988)
	at org.testng.internal.TestMethodWorker.invokeTestMethods(TestMethodWorker.java:125)
	at org.testng.internal.TestMethodWorker.run(TestMethodWorker.java:109)
	at org.testng.TestRunner.privateRun(TestRunner.java:648)
	at org.testng.TestRunner.run(TestRunner.java:505)
	at org.testng.SuiteRunner.runTest(SuiteRunner.java:455)
	at org.testng.SuiteRunner.access$000(SuiteRunner.java:40)
	at org.testng.SuiteRunner$SuiteWorker.run(SuiteRunner.java:489)
	at org.testng.internal.thread.ThreadUtil$1.call(ThreadUtil.java:52)
	at java.util.concurrent.FutureTask.run(FutureTask.java:266)
	at java.util.concurrent.ThreadPoolExecutor.runWorker(ThreadPoolExecutor.java:1142)
	at java.util.concurrent.ThreadPoolExecutor$Worker.run(ThreadPoolExecutor.java:617)
	at java.lang.Thread.run(Thread.java:745)
</pre></td> 
            </tr> 
           </tbody> 
          </table> 
         </div> 
        </div> </li> 
       <li class="test displayed active  fail" status="fail" bdd="false" test-id="10"> 
        <div class="test-heading"> 
         <span class="test-name">电话有字母{ "entity": { "customer_name": "客户123", ...</span> 
         <span class="test-time">Apr 22, 2020 8:20:55 PM</span> 
         <span class="test-status right fail">fail</span> 
        </div> 
        <div class="test-content hide"> 
         <div class="test-time-info"> 
          <span class="label start-time">Apr 22, 2020 8:20:55 PM</span> 
          <span class="label end-time">Apr 22, 2020 8:20:55 PM</span> 
          <span class="label time-taken grey lighten-1 white-text">0h 0m 0s+68ms</span> 
         </div> 
         <div class="test-steps"> 
          <table class="bordered table-results"> 
           <thead> 
            <tr> 
             <th>Status</th> 
             <th>Timestamp</th> 
             <th>Details</th> 
            </tr> 
           </thead> 
           <tbody> 
            <tr class="log" status="fail"> 
             <td class="status fail" title="fail" alt="fail"><i class="material-icons">cancel</i></td> 
             <td class="timestamp">8:20:56 PM</td> 
             <td class="step-details"><pre>java.lang.AssertionError: expected [true] but found [false]
	at org.testng.Assert.fail(Assert.java:96)
	at org.testng.Assert.failNotEquals(Assert.java:776)
	at org.testng.Assert.assertEqualsImpl(Assert.java:137)
	at org.testng.Assert.assertEquals(Assert.java:118)
	at org.testng.Assert.assertEquals(Assert.java:568)
	at org.testng.Assert.assertEquals(Assert.java:578)
	at com.auto.api0401.AddCustomerTest.test007_addCustomer(AddCustomerTest.java:156)
	at sun.reflect.NativeMethodAccessorImpl.invoke0(Native Method)
	at sun.reflect.NativeMethodAccessorImpl.invoke(NativeMethodAccessorImpl.java:62)
	at sun.reflect.DelegatingMethodAccessorImpl.invoke(DelegatingMethodAccessorImpl.java:43)
	at java.lang.reflect.Method.invoke(Method.java:498)
	at org.testng.internal.MethodInvocationHelper.invokeMethod(MethodInvocationHelper.java:124)
	at org.testng.internal.Invoker.invokeMethod(Invoker.java:580)
	at org.testng.internal.Invoker.invokeTestMethod(Invoker.java:716)
	at org.testng.internal.Invoker.invokeTestMethods(Invoker.java:988)
	at org.testng.internal.TestMethodWorker.invokeTestMethods(TestMethodWorker.java:125)
	at org.testng.internal.TestMethodWorker.run(TestMethodWorker.java:109)
	at org.testng.TestRunner.privateRun(TestRunner.java:648)
	at org.testng.TestRunner.run(TestRunner.java:505)
	at org.testng.SuiteRunner.runTest(SuiteRunner.java:455)
	at org.testng.SuiteRunner.access$000(SuiteRunner.java:40)
	at org.testng.SuiteRunner$SuiteWorker.run(SuiteRunner.java:489)
	at org.testng.internal.thread.ThreadUtil$1.call(ThreadUtil.java:52)
	at java.util.concurrent.FutureTask.run(FutureTask.java:266)
	at java.util.concurrent.ThreadPoolExecutor.runWorker(ThreadPoolExecutor.java:1142)
	at java.util.concurrent.ThreadPoolExecutor$Worker.run(ThreadPoolExecutor.java:617)
	at java.lang.Thread.run(Thread.java:745)
</pre></td> 
            </tr> 
           </tbody> 
          </table> 
         </div> 
        </div> </li> 
       <li class="test displayed active  fail" status="fail" bdd="false" test-id="11"> 
        <div class="test-heading"> 
         <span class="test-name">时间格式不正确{ "entity": { "customer_name": "客户123",...</span> 
         <span class="test-time">Apr 22, 2020 8:20:55 PM</span> 
         <span class="test-status right fail">fail</span> 
        </div> 
        <div class="test-content hide"> 
         <div class="test-time-info"> 
          <span class="label start-time">Apr 22, 2020 8:20:55 PM</span> 
          <span class="label end-time">Apr 22, 2020 8:20:55 PM</span> 
          <span class="label time-taken grey lighten-1 white-text">0h 0m 0s+82ms</span> 
         </div> 
         <div class="test-steps"> 
          <table class="bordered table-results"> 
           <thead> 
            <tr> 
             <th>Status</th> 
             <th>Timestamp</th> 
             <th>Details</th> 
            </tr> 
           </thead> 
           <tbody> 
            <tr class="log" status="fail"> 
             <td class="status fail" title="fail" alt="fail"><i class="material-icons">cancel</i></td> 
             <td class="timestamp">8:20:56 PM</td> 
             <td class="step-details"><pre>java.lang.AssertionError: expected [true] but found [false]
	at org.testng.Assert.fail(Assert.java:96)
	at org.testng.Assert.failNotEquals(Assert.java:776)
	at org.testng.Assert.assertEqualsImpl(Assert.java:137)
	at org.testng.Assert.assertEquals(Assert.java:118)
	at org.testng.Assert.assertEquals(Assert.java:568)
	at org.testng.Assert.assertEquals(Assert.java:578)
	at com.auto.api0401.AddCustomerTest.test007_addCustomer(AddCustomerTest.java:156)
	at sun.reflect.NativeMethodAccessorImpl.invoke0(Native Method)
	at sun.reflect.NativeMethodAccessorImpl.invoke(NativeMethodAccessorImpl.java:62)
	at sun.reflect.DelegatingMethodAccessorImpl.invoke(DelegatingMethodAccessorImpl.java:43)
	at java.lang.reflect.Method.invoke(Method.java:498)
	at org.testng.internal.MethodInvocationHelper.invokeMethod(MethodInvocationHelper.java:124)
	at org.testng.internal.Invoker.invokeMethod(Invoker.java:580)
	at org.testng.internal.Invoker.invokeTestMethod(Invoker.java:716)
	at org.testng.internal.Invoker.invokeTestMethods(Invoker.java:988)
	at org.testng.internal.TestMethodWorker.invokeTestMethods(TestMethodWorker.java:125)
	at org.testng.internal.TestMethodWorker.run(TestMethodWorker.java:109)
	at org.testng.TestRunner.privateRun(TestRunner.java:648)
	at org.testng.TestRunner.run(TestRunner.java:505)
	at org.testng.SuiteRunner.runTest(SuiteRunner.java:455)
	at org.testng.SuiteRunner.access$000(SuiteRunner.java:40)
	at org.testng.SuiteRunner$SuiteWorker.run(SuiteRunner.java:489)
	at org.testng.internal.thread.ThreadUtil$1.call(ThreadUtil.java:52)
	at java.util.concurrent.FutureTask.run(FutureTask.java:266)
	at java.util.concurrent.ThreadPoolExecutor.runWorker(ThreadPoolExecutor.java:1142)
	at java.util.concurrent.ThreadPoolExecutor$Worker.run(ThreadPoolExecutor.java:617)
	at java.lang.Thread.run(Thread.java:745)
</pre></td> 
            </tr> 
           </tbody> 
          </table> 
         </div> 
        </div> </li> 
       <li class="test displayed active  fail" status="fail" bdd="false" test-id="12"> 
        <div class="test-heading"> 
         <span class="test-name">地址长度超长{ "entity": { "customer_name": "客户123", ...</span> 
         <span class="test-time">Apr 22, 2020 8:20:55 PM</span> 
         <span class="test-status right fail">fail</span> 
        </div> 
        <div class="test-content hide"> 
         <div class="test-time-info"> 
          <span class="label start-time">Apr 22, 2020 8:20:55 PM</span> 
          <span class="label end-time">Apr 22, 2020 8:20:55 PM</span> 
          <span class="label time-taken grey lighten-1 white-text">0h 0m 0s+51ms</span> 
         </div> 
         <div class="test-steps"> 
          <table class="bordered table-results"> 
           <thead> 
            <tr> 
             <th>Status</th> 
             <th>Timestamp</th> 
             <th>Details</th> 
            </tr> 
           </thead> 
           <tbody> 
            <tr class="log" status="fail"> 
             <td class="status fail" title="fail" alt="fail"><i class="material-icons">cancel</i></td> 
             <td class="timestamp">8:20:56 PM</td> 
             <td class="step-details"><pre>java.lang.AssertionError: expected [true] but found [false]
	at org.testng.Assert.fail(Assert.java:96)
	at org.testng.Assert.failNotEquals(Assert.java:776)
	at org.testng.Assert.assertEqualsImpl(Assert.java:137)
	at org.testng.Assert.assertEquals(Assert.java:118)
	at org.testng.Assert.assertEquals(Assert.java:568)
	at org.testng.Assert.assertEquals(Assert.java:578)
	at com.auto.api0401.AddCustomerTest.test007_addCustomer(AddCustomerTest.java:156)
	at sun.reflect.NativeMethodAccessorImpl.invoke0(Native Method)
	at sun.reflect.NativeMethodAccessorImpl.invoke(NativeMethodAccessorImpl.java:62)
	at sun.reflect.DelegatingMethodAccessorImpl.invoke(DelegatingMethodAccessorImpl.java:43)
	at java.lang.reflect.Method.invoke(Method.java:498)
	at org.testng.internal.MethodInvocationHelper.invokeMethod(MethodInvocationHelper.java:124)
	at org.testng.internal.Invoker.invokeMethod(Invoker.java:580)
	at org.testng.internal.Invoker.invokeTestMethod(Invoker.java:716)
	at org.testng.internal.Invoker.invokeTestMethods(Invoker.java:988)
	at org.testng.internal.TestMethodWorker.invokeTestMethods(TestMethodWorker.java:125)
	at org.testng.internal.TestMethodWorker.run(TestMethodWorker.java:109)
	at org.testng.TestRunner.privateRun(TestRunner.java:648)
	at org.testng.TestRunner.run(TestRunner.java:505)
	at org.testng.SuiteRunner.runTest(SuiteRunner.java:455)
	at org.testng.SuiteRunner.access$000(SuiteRunner.java:40)
	at org.testng.SuiteRunner$SuiteWorker.run(SuiteRunner.java:489)
	at org.testng.internal.thread.ThreadUtil$1.call(ThreadUtil.java:52)
	at java.util.concurrent.FutureTask.run(FutureTask.java:266)
	at java.util.concurrent.ThreadPoolExecutor.runWorker(ThreadPoolExecutor.java:1142)
	at java.util.concurrent.ThreadPoolExecutor$Worker.run(ThreadPoolExecutor.java:617)
	at java.lang.Thread.run(Thread.java:745)
</pre></td> 
            </tr> 
           </tbody> 
          </table> 
         </div> 
        </div> </li> 
       <li class="test displayed active  fail" status="fail" bdd="false" test-id="13"> 
        <div class="test-heading"> 
         <span class="test-name">正常添加产品</span> 
         <span class="test-time">Apr 22, 2020 8:20:55 PM</span> 
         <span class="test-status right fail">fail</span> 
        </div> 
        <div class="test-content hide"> 
         <div class="test-time-info"> 
          <span class="label start-time">Apr 22, 2020 8:20:55 PM</span> 
          <span class="label end-time">Apr 22, 2020 8:20:55 PM</span> 
          <span class="label time-taken grey lighten-1 white-text">0h 0m 0s+69ms</span> 
         </div> 
         <div class="test-steps"> 
          <table class="bordered table-results"> 
           <thead> 
            <tr> 
             <th>Status</th> 
             <th>Timestamp</th> 
             <th>Details</th> 
            </tr> 
           </thead> 
           <tbody> 
            <tr class="log" status="fail"> 
             <td class="status fail" title="fail" alt="fail"><i class="material-icons">cancel</i></td> 
             <td class="timestamp">8:20:56 PM</td> 
             <td class="step-details"><pre>java.lang.AssertionError: expected [{"code":0}] but found [{"code":500,"msg":"产品编号已存在，请校对后再添加！"}]
	at org.testng.Assert.fail(Assert.java:96)
	at org.testng.Assert.failNotEquals(Assert.java:776)
	at org.testng.Assert.assertEqualsImpl(Assert.java:137)
	at org.testng.Assert.assertEquals(Assert.java:118)
	at org.testng.Assert.assertEquals(Assert.java:453)
	at org.testng.Assert.assertEquals(Assert.java:463)
	at com.auto.api0401.AddProductTest.test001_addProduct(AddProductTest.java:45)
	at sun.reflect.NativeMethodAccessorImpl.invoke0(Native Method)
	at sun.reflect.NativeMethodAccessorImpl.invoke(NativeMethodAccessorImpl.java:62)
	at sun.reflect.DelegatingMethodAccessorImpl.invoke(DelegatingMethodAccessorImpl.java:43)
	at java.lang.reflect.Method.invoke(Method.java:498)
	at org.testng.internal.MethodInvocationHelper.invokeMethod(MethodInvocationHelper.java:124)
	at org.testng.internal.Invoker.invokeMethod(Invoker.java:580)
	at org.testng.internal.Invoker.invokeTestMethod(Invoker.java:716)
	at org.testng.internal.Invoker.invokeTestMethods(Invoker.java:988)
	at org.testng.internal.TestMethodWorker.invokeTestMethods(TestMethodWorker.java:125)
	at org.testng.internal.TestMethodWorker.run(TestMethodWorker.java:109)
	at org.testng.TestRunner.privateRun(TestRunner.java:648)
	at org.testng.TestRunner.run(TestRunner.java:505)
	at org.testng.SuiteRunner.runTest(SuiteRunner.java:455)
	at org.testng.SuiteRunner.access$000(SuiteRunner.java:40)
	at org.testng.SuiteRunner$SuiteWorker.run(SuiteRunner.java:489)
	at org.testng.internal.thread.ThreadUtil$1.call(ThreadUtil.java:52)
	at java.util.concurrent.FutureTask.run(FutureTask.java:266)
	at java.util.concurrent.ThreadPoolExecutor.runWorker(ThreadPoolExecutor.java:1142)
	at java.util.concurrent.ThreadPoolExecutor$Worker.run(ThreadPoolExecutor.java:617)
	at java.lang.Thread.run(Thread.java:745)
</pre></td> 
            </tr> 
           </tbody> 
          </table> 
         </div> 
        </div> </li> 
       <li class="test displayed active  fail" status="fail" bdd="false" test-id="14"> 
        <div class="test-heading"> 
         <span class="test-name">产品名称为空，添加正确</span> 
         <span class="test-time">Apr 22, 2020 8:20:55 PM</span> 
         <span class="test-status right fail">fail</span> 
        </div> 
        <div class="test-content hide"> 
         <div class="test-time-info"> 
          <span class="label start-time">Apr 22, 2020 8:20:55 PM</span> 
          <span class="label end-time">Apr 22, 2020 8:20:55 PM</span> 
          <span class="label time-taken grey lighten-1 white-text">0h 0m 0s+48ms</span> 
         </div> 
         <div class="test-steps"> 
          <table class="bordered table-results"> 
           <thead> 
            <tr> 
             <th>Status</th> 
             <th>Timestamp</th> 
             <th>Details</th> 
            </tr> 
           </thead> 
           <tbody> 
            <tr class="log" status="fail"> 
             <td class="status fail" title="fail" alt="fail"><i class="material-icons">cancel</i></td> 
             <td class="timestamp">8:20:56 PM</td> 
             <td class="step-details"><pre>java.lang.AssertionError: expected [{"code":0}] but found [{"code":500,"msg":"产品编号已存在，请校对后再添加！"}]
	at org.testng.Assert.fail(Assert.java:96)
	at org.testng.Assert.failNotEquals(Assert.java:776)
	at org.testng.Assert.assertEqualsImpl(Assert.java:137)
	at org.testng.Assert.assertEquals(Assert.java:118)
	at org.testng.Assert.assertEquals(Assert.java:453)
	at org.testng.Assert.assertEquals(Assert.java:463)
	at com.auto.api0401.AddProductTest.test002_addProduct(AddProductTest.java:59)
	at sun.reflect.NativeMethodAccessorImpl.invoke0(Native Method)
	at sun.reflect.NativeMethodAccessorImpl.invoke(NativeMethodAccessorImpl.java:62)
	at sun.reflect.DelegatingMethodAccessorImpl.invoke(DelegatingMethodAccessorImpl.java:43)
	at java.lang.reflect.Method.invoke(Method.java:498)
	at org.testng.internal.MethodInvocationHelper.invokeMethod(MethodInvocationHelper.java:124)
	at org.testng.internal.Invoker.invokeMethod(Invoker.java:580)
	at org.testng.internal.Invoker.invokeTestMethod(Invoker.java:716)
	at org.testng.internal.Invoker.invokeTestMethods(Invoker.java:988)
	at org.testng.internal.TestMethodWorker.invokeTestMethods(TestMethodWorker.java:125)
	at org.testng.internal.TestMethodWorker.run(TestMethodWorker.java:109)
	at org.testng.TestRunner.privateRun(TestRunner.java:648)
	at org.testng.TestRunner.run(TestRunner.java:505)
	at org.testng.SuiteRunner.runTest(SuiteRunner.java:455)
	at org.testng.SuiteRunner.access$000(SuiteRunner.java:40)
	at org.testng.SuiteRunner$SuiteWorker.run(SuiteRunner.java:489)
	at org.testng.internal.thread.ThreadUtil$1.call(ThreadUtil.java:52)
	at java.util.concurrent.FutureTask.run(FutureTask.java:266)
	at java.util.concurrent.ThreadPoolExecutor.runWorker(ThreadPoolExecutor.java:1142)
	at java.util.concurrent.ThreadPoolExecutor$Worker.run(ThreadPoolExecutor.java:617)
	at java.lang.Thread.run(Thread.java:745)
</pre></td> 
            </tr> 
           </tbody> 
          </table> 
         </div> 
        </div> </li> 
       <li class="test displayed active  fail" status="fail" bdd="false" test-id="15"> 
        <div class="test-heading"> 
         <span class="test-name">产品类型不能为空</span> 
         <span class="test-time">Apr 22, 2020 8:20:55 PM</span> 
         <span class="test-status right fail">fail</span> 
        </div> 
        <div class="test-content hide"> 
         <div class="test-time-info"> 
          <span class="label start-time">Apr 22, 2020 8:20:55 PM</span> 
          <span class="label end-time">Apr 22, 2020 8:20:55 PM</span> 
          <span class="label time-taken grey lighten-1 white-text">0h 0m 0s+34ms</span> 
         </div> 
         <div class="test-steps"> 
          <table class="bordered table-results"> 
           <thead> 
            <tr> 
             <th>Status</th> 
             <th>Timestamp</th> 
             <th>Details</th> 
            </tr> 
           </thead> 
           <tbody> 
            <tr class="log" status="fail"> 
             <td class="status fail" title="fail" alt="fail"><i class="material-icons">cancel</i></td> 
             <td class="timestamp">8:20:56 PM</td> 
             <td class="step-details"><pre>java.lang.AssertionError: expected [{"code":1}] but found [{"code":500,"msg":"产品编号已存在，请校对后再添加！"}]
	at org.testng.Assert.fail(Assert.java:96)
	at org.testng.Assert.failNotEquals(Assert.java:776)
	at org.testng.Assert.assertEqualsImpl(Assert.java:137)
	at org.testng.Assert.assertEquals(Assert.java:118)
	at org.testng.Assert.assertEquals(Assert.java:453)
	at org.testng.Assert.assertEquals(Assert.java:463)
	at com.auto.api0401.AddProductTest.test003_addProduct(AddProductTest.java:72)
	at sun.reflect.NativeMethodAccessorImpl.invoke0(Native Method)
	at sun.reflect.NativeMethodAccessorImpl.invoke(NativeMethodAccessorImpl.java:62)
	at sun.reflect.DelegatingMethodAccessorImpl.invoke(DelegatingMethodAccessorImpl.java:43)
	at java.lang.reflect.Method.invoke(Method.java:498)
	at org.testng.internal.MethodInvocationHelper.invokeMethod(MethodInvocationHelper.java:124)
	at org.testng.internal.Invoker.invokeMethod(Invoker.java:580)
	at org.testng.internal.Invoker.invokeTestMethod(Invoker.java:716)
	at org.testng.internal.Invoker.invokeTestMethods(Invoker.java:988)
	at org.testng.internal.TestMethodWorker.invokeTestMethods(TestMethodWorker.java:125)
	at org.testng.internal.TestMethodWorker.run(TestMethodWorker.java:109)
	at org.testng.TestRunner.privateRun(TestRunner.java:648)
	at org.testng.TestRunner.run(TestRunner.java:505)
	at org.testng.SuiteRunner.runTest(SuiteRunner.java:455)
	at org.testng.SuiteRunner.access$000(SuiteRunner.java:40)
	at org.testng.SuiteRunner$SuiteWorker.run(SuiteRunner.java:489)
	at org.testng.internal.thread.ThreadUtil$1.call(ThreadUtil.java:52)
	at java.util.concurrent.FutureTask.run(FutureTask.java:266)
	at java.util.concurrent.ThreadPoolExecutor.runWorker(ThreadPoolExecutor.java:1142)
	at java.util.concurrent.ThreadPoolExecutor$Worker.run(ThreadPoolExecutor.java:617)
	at java.lang.Thread.run(Thread.java:745)
</pre></td> 
            </tr> 
           </tbody> 
          </table> 
         </div> 
        </div> </li> 
       <li class="test displayed active  fail" status="fail" bdd="false" test-id="16"> 
        <div class="test-heading"> 
         <span class="test-name">产品编码不能为空</span> 
         <span class="test-time">Apr 22, 2020 8:20:55 PM</span> 
         <span class="test-status right fail">fail</span> 
        </div> 
        <div class="test-content hide"> 
         <div class="test-time-info"> 
          <span class="label start-time">Apr 22, 2020 8:20:55 PM</span> 
          <span class="label end-time">Apr 22, 2020 8:20:55 PM</span> 
          <span class="label time-taken grey lighten-1 white-text">0h 0m 0s+32ms</span> 
         </div> 
         <div class="test-steps"> 
          <table class="bordered table-results"> 
           <thead> 
            <tr> 
             <th>Status</th> 
             <th>Timestamp</th> 
             <th>Details</th> 
            </tr> 
           </thead> 
           <tbody> 
            <tr class="log" status="fail"> 
             <td class="status fail" title="fail" alt="fail"><i class="material-icons">cancel</i></td> 
             <td class="timestamp">8:20:56 PM</td> 
             <td class="step-details"><pre>java.lang.AssertionError: expected [{"code":1}] but found [{"code":500,"msg":"产品编号已存在，请校对后再添加！"}]
	at org.testng.Assert.fail(Assert.java:96)
	at org.testng.Assert.failNotEquals(Assert.java:776)
	at org.testng.Assert.assertEqualsImpl(Assert.java:137)
	at org.testng.Assert.assertEquals(Assert.java:118)
	at org.testng.Assert.assertEquals(Assert.java:453)
	at org.testng.Assert.assertEquals(Assert.java:463)
	at com.auto.api0401.AddProductTest.test004_addProduct(AddProductTest.java:85)
	at sun.reflect.NativeMethodAccessorImpl.invoke0(Native Method)
	at sun.reflect.NativeMethodAccessorImpl.invoke(NativeMethodAccessorImpl.java:62)
	at sun.reflect.DelegatingMethodAccessorImpl.invoke(DelegatingMethodAccessorImpl.java:43)
	at java.lang.reflect.Method.invoke(Method.java:498)
	at org.testng.internal.MethodInvocationHelper.invokeMethod(MethodInvocationHelper.java:124)
	at org.testng.internal.Invoker.invokeMethod(Invoker.java:580)
	at org.testng.internal.Invoker.invokeTestMethod(Invoker.java:716)
	at org.testng.internal.Invoker.invokeTestMethods(Invoker.java:988)
	at org.testng.internal.TestMethodWorker.invokeTestMethods(TestMethodWorker.java:125)
	at org.testng.internal.TestMethodWorker.run(TestMethodWorker.java:109)
	at org.testng.TestRunner.privateRun(TestRunner.java:648)
	at org.testng.TestRunner.run(TestRunner.java:505)
	at org.testng.SuiteRunner.runTest(SuiteRunner.java:455)
	at org.testng.SuiteRunner.access$000(SuiteRunner.java:40)
	at org.testng.SuiteRunner$SuiteWorker.run(SuiteRunner.java:489)
	at org.testng.internal.thread.ThreadUtil$1.call(ThreadUtil.java:52)
	at java.util.concurrent.FutureTask.run(FutureTask.java:266)
	at java.util.concurrent.ThreadPoolExecutor.runWorker(ThreadPoolExecutor.java:1142)
	at java.util.concurrent.ThreadPoolExecutor$Worker.run(ThreadPoolExecutor.java:617)
	at java.lang.Thread.run(Thread.java:745)
</pre></td> 
            </tr> 
           </tbody> 
          </table> 
         </div> 
        </div> </li> 
       <li class="test displayed active  fail" status="fail" bdd="false" test-id="17"> 
        <div class="test-heading"> 
         <span class="test-name">价格不能为空</span> 
         <span class="test-time">Apr 22, 2020 8:20:55 PM</span> 
         <span class="test-status right fail">fail</span> 
        </div> 
        <div class="test-content hide"> 
         <div class="test-time-info"> 
          <span class="label start-time">Apr 22, 2020 8:20:55 PM</span> 
          <span class="label end-time">Apr 22, 2020 8:20:55 PM</span> 
          <span class="label time-taken grey lighten-1 white-text">0h 0m 0s+39ms</span> 
         </div> 
         <div class="test-steps"> 
          <table class="bordered table-results"> 
           <thead> 
            <tr> 
             <th>Status</th> 
             <th>Timestamp</th> 
             <th>Details</th> 
            </tr> 
           </thead> 
           <tbody> 
            <tr class="log" status="fail"> 
             <td class="status fail" title="fail" alt="fail"><i class="material-icons">cancel</i></td> 
             <td class="timestamp">8:20:56 PM</td> 
             <td class="step-details"><pre>java.lang.AssertionError: expected [{"code":1}] but found [{"code":500,"msg":"产品编号已存在，请校对后再添加！"}]
	at org.testng.Assert.fail(Assert.java:96)
	at org.testng.Assert.failNotEquals(Assert.java:776)
	at org.testng.Assert.assertEqualsImpl(Assert.java:137)
	at org.testng.Assert.assertEquals(Assert.java:118)
	at org.testng.Assert.assertEquals(Assert.java:453)
	at org.testng.Assert.assertEquals(Assert.java:463)
	at com.auto.api0401.AddProductTest.test005_addProduct(AddProductTest.java:98)
	at sun.reflect.NativeMethodAccessorImpl.invoke0(Native Method)
	at sun.reflect.NativeMethodAccessorImpl.invoke(NativeMethodAccessorImpl.java:62)
	at sun.reflect.DelegatingMethodAccessorImpl.invoke(DelegatingMethodAccessorImpl.java:43)
	at java.lang.reflect.Method.invoke(Method.java:498)
	at org.testng.internal.MethodInvocationHelper.invokeMethod(MethodInvocationHelper.java:124)
	at org.testng.internal.Invoker.invokeMethod(Invoker.java:580)
	at org.testng.internal.Invoker.invokeTestMethod(Invoker.java:716)
	at org.testng.internal.Invoker.invokeTestMethods(Invoker.java:988)
	at org.testng.internal.TestMethodWorker.invokeTestMethods(TestMethodWorker.java:125)
	at org.testng.internal.TestMethodWorker.run(TestMethodWorker.java:109)
	at org.testng.TestRunner.privateRun(TestRunner.java:648)
	at org.testng.TestRunner.run(TestRunner.java:505)
	at org.testng.SuiteRunner.runTest(SuiteRunner.java:455)
	at org.testng.SuiteRunner.access$000(SuiteRunner.java:40)
	at org.testng.SuiteRunner$SuiteWorker.run(SuiteRunner.java:489)
	at org.testng.internal.thread.ThreadUtil$1.call(ThreadUtil.java:52)
	at java.util.concurrent.FutureTask.run(FutureTask.java:266)
	at java.util.concurrent.ThreadPoolExecutor.runWorker(ThreadPoolExecutor.java:1142)
	at java.util.concurrent.ThreadPoolExecutor$Worker.run(ThreadPoolExecutor.java:617)
	at java.lang.Thread.run(Thread.java:745)
</pre></td> 
            </tr> 
           </tbody> 
          </table> 
         </div> 
        </div> </li> 
       <li class="test displayed active  fail" status="fail" bdd="false" test-id="18"> 
        <div class="test-heading"> 
         <span class="test-name">价格数字格式不正确</span> 
         <span class="test-time">Apr 22, 2020 8:20:55 PM</span> 
         <span class="test-status right fail">fail</span> 
        </div> 
        <div class="test-content hide"> 
         <div class="test-time-info"> 
          <span class="label start-time">Apr 22, 2020 8:20:55 PM</span> 
          <span class="label end-time">Apr 22, 2020 8:20:55 PM</span> 
          <span class="label time-taken grey lighten-1 white-text">0h 0m 0s+62ms</span> 
         </div> 
         <div class="test-steps"> 
          <table class="bordered table-results"> 
           <thead> 
            <tr> 
             <th>Status</th> 
             <th>Timestamp</th> 
             <th>Details</th> 
            </tr> 
           </thead> 
           <tbody> 
            <tr class="log" status="fail"> 
             <td class="status fail" title="fail" alt="fail"><i class="material-icons">cancel</i></td> 
             <td class="timestamp">8:20:56 PM</td> 
             <td class="step-details"><pre>java.lang.AssertionError: expected [{"code":1}] but found [{"code":500,"msg":"服务器响应异常"}]
	at org.testng.Assert.fail(Assert.java:96)
	at org.testng.Assert.failNotEquals(Assert.java:776)
	at org.testng.Assert.assertEqualsImpl(Assert.java:137)
	at org.testng.Assert.assertEquals(Assert.java:118)
	at org.testng.Assert.assertEquals(Assert.java:453)
	at org.testng.Assert.assertEquals(Assert.java:463)
	at com.auto.api0401.AddProductTest.test006_addProduct(AddProductTest.java:111)
	at sun.reflect.NativeMethodAccessorImpl.invoke0(Native Method)
	at sun.reflect.NativeMethodAccessorImpl.invoke(NativeMethodAccessorImpl.java:62)
	at sun.reflect.DelegatingMethodAccessorImpl.invoke(DelegatingMethodAccessorImpl.java:43)
	at java.lang.reflect.Method.invoke(Method.java:498)
	at org.testng.internal.MethodInvocationHelper.invokeMethod(MethodInvocationHelper.java:124)
	at org.testng.internal.Invoker.invokeMethod(Invoker.java:580)
	at org.testng.internal.Invoker.invokeTestMethod(Invoker.java:716)
	at org.testng.internal.Invoker.invokeTestMethods(Invoker.java:988)
	at org.testng.internal.TestMethodWorker.invokeTestMethods(TestMethodWorker.java:125)
	at org.testng.internal.TestMethodWorker.run(TestMethodWorker.java:109)
	at org.testng.TestRunner.privateRun(TestRunner.java:648)
	at org.testng.TestRunner.run(TestRunner.java:505)
	at org.testng.SuiteRunner.runTest(SuiteRunner.java:455)
	at org.testng.SuiteRunner.access$000(SuiteRunner.java:40)
	at org.testng.SuiteRunner$SuiteWorker.run(SuiteRunner.java:489)
	at org.testng.internal.thread.ThreadUtil$1.call(ThreadUtil.java:52)
	at java.util.concurrent.FutureTask.run(FutureTask.java:266)
	at java.util.concurrent.ThreadPoolExecutor.runWorker(ThreadPoolExecutor.java:1142)
	at java.util.concurrent.ThreadPoolExecutor$Worker.run(ThreadPoolExecutor.java:617)
	at java.lang.Thread.run(Thread.java:745)
</pre></td> 
            </tr> 
           </tbody> 
          </table> 
         </div> 
        </div> </li> 
       <li class="test displayed active  fail" status="fail" bdd="false" test-id="19"> 
        <div class="test-heading"> 
         <span class="test-name">只有必填字段添加成功</span> 
         <span class="test-time">Apr 22, 2020 8:20:55 PM</span> 
         <span class="test-status right fail">fail</span> 
        </div> 
        <div class="test-content hide"> 
         <div class="test-time-info"> 
          <span class="label start-time">Apr 22, 2020 8:20:55 PM</span> 
          <span class="label end-time">Apr 22, 2020 8:20:56 PM</span> 
          <span class="label time-taken grey lighten-1 white-text">0h 0m 0s+52ms</span> 
         </div> 
         <div class="test-steps"> 
          <table class="bordered table-results"> 
           <thead> 
            <tr> 
             <th>Status</th> 
             <th>Timestamp</th> 
             <th>Details</th> 
            </tr> 
           </thead> 
           <tbody> 
            <tr class="log" status="fail"> 
             <td class="status fail" title="fail" alt="fail"><i class="material-icons">cancel</i></td> 
             <td class="timestamp">8:20:56 PM</td> 
             <td class="step-details"><pre>java.lang.AssertionError: expected [{"code":0}] but found [{"code":500,"msg":"产品编号已存在，请校对后再添加！"}]
	at org.testng.Assert.fail(Assert.java:96)
	at org.testng.Assert.failNotEquals(Assert.java:776)
	at org.testng.Assert.assertEqualsImpl(Assert.java:137)
	at org.testng.Assert.assertEquals(Assert.java:118)
	at org.testng.Assert.assertEquals(Assert.java:453)
	at org.testng.Assert.assertEquals(Assert.java:463)
	at com.auto.api0401.AddProductTest.test007_addProduct(AddProductTest.java:126)
	at sun.reflect.NativeMethodAccessorImpl.invoke0(Native Method)
	at sun.reflect.NativeMethodAccessorImpl.invoke(NativeMethodAccessorImpl.java:62)
	at sun.reflect.DelegatingMethodAccessorImpl.invoke(DelegatingMethodAccessorImpl.java:43)
	at java.lang.reflect.Method.invoke(Method.java:498)
	at org.testng.internal.MethodInvocationHelper.invokeMethod(MethodInvocationHelper.java:124)
	at org.testng.internal.Invoker.invokeMethod(Invoker.java:580)
	at org.testng.internal.Invoker.invokeTestMethod(Invoker.java:716)
	at org.testng.internal.Invoker.invokeTestMethods(Invoker.java:988)
	at org.testng.internal.TestMethodWorker.invokeTestMethods(TestMethodWorker.java:125)
	at org.testng.internal.TestMethodWorker.run(TestMethodWorker.java:109)
	at org.testng.TestRunner.privateRun(TestRunner.java:648)
	at org.testng.TestRunner.run(TestRunner.java:505)
	at org.testng.SuiteRunner.runTest(SuiteRunner.java:455)
	at org.testng.SuiteRunner.access$000(SuiteRunner.java:40)
	at org.testng.SuiteRunner$SuiteWorker.run(SuiteRunner.java:489)
	at org.testng.internal.thread.ThreadUtil$1.call(ThreadUtil.java:52)
	at java.util.concurrent.FutureTask.run(FutureTask.java:266)
	at java.util.concurrent.ThreadPoolExecutor.runWorker(ThreadPoolExecutor.java:1142)
	at java.util.concurrent.ThreadPoolExecutor$Worker.run(ThreadPoolExecutor.java:617)
	at java.lang.Thread.run(Thread.java:745)
</pre></td> 
            </tr> 
           </tbody> 
          </table> 
         </div> 
        </div> </li> 
       <li class="test displayed active  pass" status="pass" bdd="false" test-id="20"> 
        <div class="test-heading"> 
         <span class="test-name">test001_login</span> 
         <span class="test-time">Apr 22, 2020 8:20:50 PM</span> 
         <span class="test-status right pass">pass</span> 
        </div> 
        <div class="test-content hide"> 
         <div class="test-time-info"> 
          <span class="label start-time">Apr 22, 2020 8:20:50 PM</span> 
          <span class="label end-time">Apr 22, 2020 8:20:51 PM</span> 
          <span class="label time-taken grey lighten-1 white-text">0h 0m 1s+227ms</span> 
         </div> 
         <div class="test-steps"> 
          <table class="bordered table-results"> 
           <thead> 
            <tr> 
             <th>Status</th> 
             <th>Timestamp</th> 
             <th>Details</th> 
            </tr> 
           </thead> 
           <tbody> 
            <tr class="log" status="pass"> 
             <td class="status pass" title="pass" alt="pass"><i class="material-icons">check_circle</i></td> 
             <td class="timestamp">8:20:56 PM</td> 
             <td class="step-details">Test passed</td> 
            </tr> 
           </tbody> 
          </table> 
         </div> 
        </div> </li> 
       <li class="test displayed active  pass" status="pass" bdd="false" test-id="21"> 
        <div class="test-heading"> 
         <span class="test-name">test002_addCustomer</span> 
         <span class="test-time">Apr 22, 2020 8:20:51 PM</span> 
         <span class="test-status right pass">pass</span> 
        </div> 
        <div class="test-content hide"> 
         <div class="test-time-info"> 
          <span class="label start-time">Apr 22, 2020 8:20:51 PM</span> 
          <span class="label end-time">Apr 22, 2020 8:20:54 PM</span> 
          <span class="label time-taken grey lighten-1 white-text">0h 0m 2s+426ms</span> 
         </div> 
         <div class="test-steps"> 
          <table class="bordered table-results"> 
           <thead> 
            <tr> 
             <th>Status</th> 
             <th>Timestamp</th> 
             <th>Details</th> 
            </tr> 
           </thead> 
           <tbody> 
            <tr class="log" status="pass"> 
             <td class="status pass" title="pass" alt="pass"><i class="material-icons">check_circle</i></td> 
             <td class="timestamp">8:20:56 PM</td> 
             <td class="step-details">Test passed</td> 
            </tr> 
           </tbody> 
          </table> 
         </div> 
        </div> </li> 
       <li class="test displayed active  pass" status="pass" bdd="false" test-id="22"> 
        <div class="test-heading"> 
         <span class="test-name">test002_login</span> 
         <span class="test-time">Apr 22, 2020 8:20:54 PM</span> 
         <span class="test-status right pass">pass</span> 
        </div> 
        <div class="test-content hide"> 
         <div class="test-time-info"> 
          <span class="label start-time">Apr 22, 2020 8:20:54 PM</span> 
          <span class="label end-time">Apr 22, 2020 8:20:54 PM</span> 
          <span class="label time-taken grey lighten-1 white-text">0h 0m 0s+16ms</span> 
         </div> 
         <div class="test-steps"> 
          <table class="bordered table-results"> 
           <thead> 
            <tr> 
             <th>Status</th> 
             <th>Timestamp</th> 
             <th>Details</th> 
            </tr> 
           </thead> 
           <tbody> 
            <tr class="log" status="pass"> 
             <td class="status pass" title="pass" alt="pass"><i class="material-icons">check_circle</i></td> 
             <td class="timestamp">8:20:56 PM</td> 
             <td class="step-details">Test passed</td> 
            </tr> 
           </tbody> 
          </table> 
         </div> 
        </div> </li> 
       <li class="test displayed active  pass" status="pass" bdd="false" test-id="23"> 
        <div class="test-heading"> 
         <span class="test-name">test003_addCustomer</span> 
         <span class="test-time">Apr 22, 2020 8:20:54 PM</span> 
         <span class="test-status right pass">pass</span> 
        </div> 
        <div class="test-content hide"> 
         <div class="test-time-info"> 
          <span class="label start-time">Apr 22, 2020 8:20:54 PM</span> 
          <span class="label end-time">Apr 22, 2020 8:20:54 PM</span> 
          <span class="label time-taken grey lighten-1 white-text">0h 0m 0s+106ms</span> 
         </div> 
         <div class="test-steps"> 
          <table class="bordered table-results"> 
           <thead> 
            <tr> 
             <th>Status</th> 
             <th>Timestamp</th> 
             <th>Details</th> 
            </tr> 
           </thead> 
           <tbody> 
            <tr class="log" status="pass"> 
             <td class="status pass" title="pass" alt="pass"><i class="material-icons">check_circle</i></td> 
             <td class="timestamp">8:20:56 PM</td> 
             <td class="step-details">Test passed</td> 
            </tr> 
           </tbody> 
          </table> 
         </div> 
        </div> </li> 
       <li class="test displayed active  pass" status="pass" bdd="false" test-id="24"> 
        <div class="test-heading"> 
         <span class="test-name">test003_login</span> 
         <span class="test-time">Apr 22, 2020 8:20:54 PM</span> 
         <span class="test-status right pass">pass</span> 
        </div> 
        <div class="test-content hide"> 
         <div class="test-time-info"> 
          <span class="label start-time">Apr 22, 2020 8:20:54 PM</span> 
          <span class="label end-time">Apr 22, 2020 8:20:54 PM</span> 
          <span class="label time-taken grey lighten-1 white-text">0h 0m 0s+16ms</span> 
         </div> 
         <div class="test-steps"> 
          <table class="bordered table-results"> 
           <thead> 
            <tr> 
             <th>Status</th> 
             <th>Timestamp</th> 
             <th>Details</th> 
            </tr> 
           </thead> 
           <tbody> 
            <tr class="log" status="pass"> 
             <td class="status pass" title="pass" alt="pass"><i class="material-icons">check_circle</i></td> 
             <td class="timestamp">8:20:56 PM</td> 
             <td class="step-details">Test passed</td> 
            </tr> 
           </tbody> 
          </table> 
         </div> 
        </div> </li> 
       <li class="test displayed active  pass" status="pass" bdd="false" test-id="25"> 
        <div class="test-heading"> 
         <span class="test-name">正确添加{ "entity": { "customer_name": "客户123", ...</span> 
         <span class="test-time">Apr 22, 2020 8:20:54 PM</span> 
         <span class="test-status right pass">pass</span> 
        </div> 
        <div class="test-content hide"> 
         <div class="test-time-info"> 
          <span class="label start-time">Apr 22, 2020 8:20:54 PM</span> 
          <span class="label end-time">Apr 22, 2020 8:20:54 PM</span> 
          <span class="label time-taken grey lighten-1 white-text">0h 0m 0s+51ms</span> 
         </div> 
         <div class="test-steps"> 
          <table class="bordered table-results"> 
           <thead> 
            <tr> 
             <th>Status</th> 
             <th>Timestamp</th> 
             <th>Details</th> 
            </tr> 
           </thead> 
           <tbody> 
            <tr class="log" status="pass"> 
             <td class="status pass" title="pass" alt="pass"><i class="material-icons">check_circle</i></td> 
             <td class="timestamp">8:20:56 PM</td> 
             <td class="step-details">Test passed</td> 
            </tr> 
           </tbody> 
          </table> 
         </div> 
        </div> </li> 
       <li class="test displayed active  pass" status="pass" bdd="false" test-id="26"> 
        <div class="test-heading"> 
         <span class="test-name">正确添加非必填都不填{ "entity": { "customer_name": "客户23...</span> 
         <span class="test-time">Apr 22, 2020 8:20:54 PM</span> 
         <span class="test-status right pass">pass</span> 
        </div> 
        <div class="test-content hide"> 
         <div class="test-time-info"> 
          <span class="label start-time">Apr 22, 2020 8:20:54 PM</span> 
          <span class="label end-time">Apr 22, 2020 8:20:54 PM</span> 
          <span class="label time-taken grey lighten-1 white-text">0h 0m 0s+57ms</span> 
         </div> 
         <div class="test-steps"> 
          <table class="bordered table-results"> 
           <thead> 
            <tr> 
             <th>Status</th> 
             <th>Timestamp</th> 
             <th>Details</th> 
            </tr> 
           </thead> 
           <tbody> 
            <tr class="log" status="pass"> 
             <td class="status pass" title="pass" alt="pass"><i class="material-icons">check_circle</i></td> 
             <td class="timestamp">8:20:56 PM</td> 
             <td class="step-details">Test passed</td> 
            </tr> 
           </tbody> 
          </table> 
         </div> 
        </div> </li> 
       <li class="test displayed active  pass" status="pass" bdd="false" test-id="27"> 
        <div class="test-heading"> 
         <span class="test-name">test008_addCustomer</span> 
         <span class="test-time">Apr 22, 2020 8:20:55 PM</span> 
         <span class="test-status right pass">pass</span> 
        </div> 
        <div class="test-content hide"> 
         <div class="test-time-info"> 
          <span class="label start-time">Apr 22, 2020 8:20:55 PM</span> 
          <span class="label end-time">Apr 22, 2020 8:20:55 PM</span> 
          <span class="label time-taken grey lighten-1 white-text">0h 0m 0s+101ms</span> 
         </div> 
         <div class="test-steps"> 
          <table class="bordered table-results"> 
           <thead> 
            <tr> 
             <th>Status</th> 
             <th>Timestamp</th> 
             <th>Details</th> 
            </tr> 
           </thead> 
           <tbody> 
            <tr class="log" status="pass"> 
             <td class="status pass" title="pass" alt="pass"><i class="material-icons">check_circle</i></td> 
             <td class="timestamp">8:20:56 PM</td> 
             <td class="step-details">Test passed</td> 
            </tr> 
           </tbody> 
          </table> 
         </div> 
        </div> </li> 
       <li class="test displayed active  pass" status="pass" bdd="false" test-id="28"> 
        <div class="test-heading"> 
         <span class="test-name">test001_addContacts</span> 
         <span class="test-time">Apr 22, 2020 8:20:55 PM</span> 
         <span class="test-status right pass">pass</span> 
        </div> 
        <div class="test-content hide"> 
         <div class="test-time-info"> 
          <span class="label start-time">Apr 22, 2020 8:20:55 PM</span> 
          <span class="label end-time">Apr 22, 2020 8:20:55 PM</span> 
          <span class="label time-taken grey lighten-1 white-text">0h 0m 0s+62ms</span> 
         </div> 
         <div class="test-steps"> 
          <table class="bordered table-results"> 
           <thead> 
            <tr> 
             <th>Status</th> 
             <th>Timestamp</th> 
             <th>Details</th> 
            </tr> 
           </thead> 
           <tbody> 
            <tr class="log" status="pass"> 
             <td class="status pass" title="pass" alt="pass"><i class="material-icons">check_circle</i></td> 
             <td class="timestamp">8:20:56 PM</td> 
             <td class="step-details">Test passed</td> 
            </tr> 
           </tbody> 
          </table> 
         </div> 
        </div> </li> 
      </ul> 
     </div> 
    </div> 
    <!-- subview left --> 
    <div class="subview-right left"> 
     <div class="view-summary"> 
      <h5 class="test-name"></h5> 
      <div id="step-filters" class="right"> 
       <span class="blue-text" status="info" alt="info" title="info"><i class="material-icons">info_outline</i></span> 
       <span class="green-text" status="pass" alt="pass" title="pass"><i class="material-icons">check_circle</i></span> 
       <span class="red-text" status="fail" alt="fail" title="fail"><i class="material-icons">cancel</i></span> 
       <span class="red-text text-darken-4" status="fatal" alt="fatal" title="fatal"><i class="material-icons">cancel</i></span> 
       <span class="pink-text text-lighten-1" status="error" alt="error" title="error"><i class="material-icons">error</i></span> 
       <span class="orange-text" alt="warning" status="warning" title="warning"><i class="material-icons">warning</i></span> 
       <span class="teal-text" status="skip" alt="skip" title="skip"><i class="material-icons">redo</i></span> 
       <span status="clear" alt="Clear filters" title="Clear filters"><i class="material-icons">clear</i></span> 
      </div> 
     </div> 
    </div> 
    <!-- subview right --> 
   </div> 
   <!-- test view -->
   <!-- category view -->
   <div id="exception-view" class="view hide"> 
    <section id="controls"> 
     <div class="controls grey lighten-4"> 
      <!-- search --> 
      <div class="chip transparent" alt="Search Tests" title="Search Tests"> 
       <a href="#" class="search-div"> <i class="material-icons">search</i> Search </a> 
       <div class="input-field left hide"> 
        <input id="search-tests" type="text" class="validate browser-default" placeholder="Search Tests..."> 
       </div> 
      </div> 
      <!-- search --> 
     </div> 
    </section> 
    <div class="subview-left left"> 
     <div class="view-summary"> 
      <h5>Exceptions</h5> 
      <ul id="exception-collection" class="exception-collection"> 
       <li class="exception displayed active"> 
        <div class="exception-heading"> 
         <span class="exception-name">java.lang.AssertionError</span> 
         <span class="exception-count right"><span class="label red lighten-1 white-text">1</span></span> 
        </div> 
        <div class="exception-content hide"> 
         <div class="exception-tests"> 
          <table class="bordered table-results"> 
           <thead> 
            <tr> 
             <th>Timestamp</th> 
             <th>TestName</th> 
             <th>Status</th> 
            </tr> 
           </thead> 
           <tbody> 
            <tr> 
             <td>Apr 22, 2020 8:20:55 PM</td> 
             <td class="linked" test-id="19">只有必填字段添加成功</td> 
             <td><pre><pre>java.lang.AssertionError: expected [{"code":0}] but found [{"code":500,"msg":"产品编号已存在，请校对后再添加！"}]
	at org.testng.Assert.fail(Assert.java:96)
	at org.testng.Assert.failNotEquals(Assert.java:776)
	at org.testng.Assert.assertEqualsImpl(Assert.java:137)
	at org.testng.Assert.assertEquals(Assert.java:118)
	at org.testng.Assert.assertEquals(Assert.java:453)
	at org.testng.Assert.assertEquals(Assert.java:463)
	at com.auto.api0401.AddProductTest.test007_addProduct(AddProductTest.java:126)
	at sun.reflect.NativeMethodAccessorImpl.invoke0(Native Method)
	at sun.reflect.NativeMethodAccessorImpl.invoke(NativeMethodAccessorImpl.java:62)
	at sun.reflect.DelegatingMethodAccessorImpl.invoke(DelegatingMethodAccessorImpl.java:43)
	at java.lang.reflect.Method.invoke(Method.java:498)
	at org.testng.internal.MethodInvocationHelper.invokeMethod(MethodInvocationHelper.java:124)
	at org.testng.internal.Invoker.invokeMethod(Invoker.java:580)
	at org.testng.internal.Invoker.invokeTestMethod(Invoker.java:716)
	at org.testng.internal.Invoker.invokeTestMethods(Invoker.java:988)
	at org.testng.internal.TestMethodWorker.invokeTestMethods(TestMethodWorker.java:125)
	at org.testng.internal.TestMethodWorker.run(TestMethodWorker.java:109)
	at org.testng.TestRunner.privateRun(TestRunner.java:648)
	at org.testng.TestRunner.run(TestRunner.java:505)
	at org.testng.SuiteRunner.runTest(SuiteRunner.java:455)
	at org.testng.SuiteRunner.access$000(SuiteRunner.java:40)
	at org.testng.SuiteRunner$SuiteWorker.run(SuiteRunner.java:489)
	at org.testng.internal.thread.ThreadUtil$1.call(ThreadUtil.java:52)
	at java.util.concurrent.FutureTask.run(FutureTask.java:266)
	at java.util.concurrent.ThreadPoolExecutor.runWorker(ThreadPoolExecutor.java:1142)
	at java.util.concurrent.ThreadPoolExecutor$Worker.run(ThreadPoolExecutor.java:617)
	at java.lang.Thread.run(Thread.java:745)
</pre></pre></td> 
            </tr> 
           </tbody> 
          </table> 
         </div> 
        </div> </li> 
      </ul> 
     </div> 
    </div> 
    <div class="subview-right left"> 
     <div class="view-summary"> 
      <h5 class="exception-name"></h5> 
     </div> 
    </div> 
   </div> 
   <!-- exception view -->
   <div id="dashboard-view" class="view hide"> 
    <div class="card-panel transparent np-v"> 
     <h5>Dashboard</h5> 
     <div class="row"> 
      <div class="col s2"> 
       <div class="card-panel r">
         Tests 
        <div class="panel-lead">
         28
        </div> 
       </div> 
      </div> 
      <div class="col s2"> 
       <div class="card-panel r">
         Steps 
        <div class="panel-lead">
         28
        </div> 
       </div> 
      </div> 
      <div class="col s2"> 
       <div class="card-panel r">
         Start 
        <div class="panel-lead">
         Apr 22, 2020 8:20:50 PM
        </div> 
       </div> 
      </div> 
      <div class="col s2"> 
       <div class="card-panel r">
         End 
        <div class="panel-lead">
         Apr 22, 2020 8:20:56 PM
        </div> 
       </div> 
      </div> 
      <div class="col s2"> 
       <div class="card-panel r">
         Time Taken 
        <div class="panel-lead">
         5,690ms
        </div> 
       </div> 
      </div> 
     </div> 
    </div> 
   </div> 
   <!-- dashboard view -->
   <!-- testrunner-logs view --> 
  </div> 
  <!-- container --> 
  <script>
			var statusGroup = {
				passParent: 9,
				failParent: 19,
				fatalParent: 0,
				errorParent: 0,
				warningParent: 0,
				skipParent: 0,
				exceptionsParent: 19,
				
				passChild: 9,
				failChild: 19,
				fatalChild: 0,
				errorChild: 0,
				warningChild: 0,
				skipChild: 0,
				infoChild: 0,
				exceptionsChild: 19,
				
				passGrandChild: 0,
				failGrandChild: 0,
				fatalGrandChild: 0,
				errorGrandChild: 0,
				warningGrandChild: 0,
				skipGrandChild: 0,
				infoGrandChild: 0,
				exceptionsGrandChild: 0,
			};
		</script> 
  <script src="extent.js" type="text/javascript"></script>   
 </body>
</html>